[debug] [2020-03-17T05:56:52.173Z] ----------------------------------------------------------------------
[debug] [2020-03-17T05:56:52.175Z] Command:       /Users/joshuanelson/.nvm/versions/node/v10.15.3/bin/node /Users/joshuanelson/.nvm/versions/node/v10.15.3/bin/firebase deploy
[debug] [2020-03-17T05:56:52.175Z] CLI Version:   7.15.0
[debug] [2020-03-17T05:56:52.175Z] Platform:      darwin
[debug] [2020-03-17T05:56:52.175Z] Node Version:  v10.15.3
[debug] [2020-03-17T05:56:52.176Z] Time:          Mon Mar 16 2020 22:56:52 GMT-0700 (Pacific Daylight Time)
[debug] [2020-03-17T05:56:52.176Z] ----------------------------------------------------------------------
[debug] [2020-03-17T05:56:52.176Z] 
[debug] [2020-03-17T05:56:52.186Z] > command requires scopes: ["email","openid","https://www.googleapis.com/auth/cloudplatformprojects.readonly","https://www.googleapis.com/auth/firebase","https://www.googleapis.com/auth/cloud-platform"]
[debug] [2020-03-17T05:56:52.187Z] > authorizing via signed-in user
[debug] [2020-03-17T05:56:52.187Z] [iam] checking project spreadjoyapp for permissions ["cloudfunctions.functions.create","cloudfunctions.functions.delete","cloudfunctions.functions.get","cloudfunctions.functions.list","cloudfunctions.functions.update","cloudfunctions.operations.get","firebase.projects.get","firebasedatabase.instances.update","firebasehosting.sites.update"]
[debug] [2020-03-17T05:56:52.189Z] >>> HTTP REQUEST POST https://cloudresourcemanager.googleapis.com/v1/projects/spreadjoyapp:testIamPermissions  

[debug] [2020-03-17T05:56:52.438Z] <<< HTTP RESPONSE 200
[debug] [2020-03-17T05:56:52.440Z] >>> HTTP REQUEST GET https://firebase.googleapis.com/v1beta1/projects/spreadjoyapp  
 
[debug] [2020-03-17T05:56:52.709Z] <<< HTTP RESPONSE 200
[info] 
[info] === Deploying to 'spreadjoyapp'...
[info] 
[info] i  deploying database, functions, hosting
[info] Running command: npm --prefix "$RESOURCE_DIR" run lint
[info] Running command: npm --prefix "$RESOURCE_DIR" run build
[info] ✔  functions: Finished running predeploy script.
[info] i  database: checking rules syntax...
[debug] [2020-03-17T05:57:05.696Z] >>> HTTP REQUEST PUT https://spreadjoyapp.firebaseio.com/.settings/rules.json?dryRun=true  
 {
  "rules": {
    ".read": false,
    ".write": false
  }
}

[debug] [2020-03-17T05:57:06.155Z] <<< HTTP RESPONSE 200
[info] ✔  database: rules syntax for database spreadjoyapp is valid
[debug] [2020-03-17T05:57:06.157Z] > [functions] package.json contents: {
  "name": "functions",
  "scripts": {
    "lint": "tslint --project tsconfig.json",
    "build": "tsc",
    "serve": "npm run build && firebase emulators:start --only functions",
    "shell": "npm run build && firebase functions:shell",
    "start": "npm run shell",
    "deploy": "firebase deploy --only functions",
    "logs": "firebase functions:log"
  },
  "engines": {
    "node": "8"
  },
  "main": "lib/index.js",
  "dependencies": {
    "firebase-admin": "^8.6.0",
    "firebase-functions": "^3.3.0"
  },
  "devDependencies": {
    "tslint": "^5.12.0",
    "typescript": "^3.2.2",
    "firebase-functions-test": "^0.1.6"
  },
  "private": true
}
[info] i  functions: ensuring necessary APIs are enabled...
[debug] [2020-03-17T05:57:06.158Z] >>> HTTP REQUEST GET https://serviceusage.googleapis.com/v1/projects/spreadjoyapp/services/cloudfunctions.googleapis.com  
 
[debug] [2020-03-17T05:57:06.159Z] >>> HTTP REQUEST GET https://serviceusage.googleapis.com/v1/projects/spreadjoyapp/services/runtimeconfig.googleapis.com  
 
[debug] [2020-03-17T05:57:06.860Z] <<< HTTP RESPONSE 200
[debug] [2020-03-17T05:57:06.890Z] <<< HTTP RESPONSE 200
[info] ✔  functions: all necessary APIs are enabled
[debug] [2020-03-17T05:57:06.891Z] >>> HTTP REQUEST GET https://firebase.googleapis.com/v1beta1/projects/spreadjoyapp/adminSdkConfig  
 
[debug] [2020-03-17T05:57:07.043Z] <<< HTTP RESPONSE 200
[debug] [2020-03-17T05:57:07.045Z] >>> HTTP REQUEST POST https://firebasehosting.googleapis.com/v1beta1/sites/spreadjoyapp/versions  

[debug] [2020-03-17T05:57:07.985Z] <<< HTTP RESPONSE 200
[info] i  functions: preparing functions directory for uploading...
[debug] [2020-03-17T05:57:07.988Z] >>> HTTP REQUEST GET https://runtimeconfig.googleapis.com/v1beta1/projects/spreadjoyapp/configs  
 
[debug] [2020-03-17T05:57:09.624Z] <<< HTTP RESPONSE 200
[info] i  functions: packaged functions (34.48 KB) for uploading
[debug] [2020-03-17T05:57:09.863Z] >>> HTTP REQUEST POST https://cloudfunctions.googleapis.com/v1/projects/spreadjoyapp/locations/us-central1/functions:generateUploadUrl  
 
[debug] [2020-03-17T05:57:10.652Z] <<< HTTP RESPONSE 200
[debug] [2020-03-17T05:57:10.653Z] >>> HTTP REQUEST PUT https://storage.googleapis.com/gcf-upload-us-central1-de168b6a-fa3e-43d1-a251-91601d8857a8/624e46f7-27dc-4597-814a-917dd58367d4.zip?GoogleAccessId=service-265178178260@gcf-admin-robot.iam.gserviceaccount.com&Expires=1584426459&Signature=AhdB4aE69kUuJ9N9Y0JcxhNRT6NsLe7ntJX65PI%2BMArZ6uhOXg1s5A4%2B3PsI8RalbJ%2BtVV86EpJzPlcuQu%2FSeK%2FypZgN5eikp5jivwIVVkdcgADkanwj47tqwJAkrqMexzzGoMFoCiA67Thujw8p8rUcXbokAj3TjuJoQdKakqx1MFaSuwOrDkuySAninwMD4kOi5rjtDtprjlUkd2%2BDCDKq3vfpGBXZIhuxBYhd9ycKdpv%2Bi1edC9W4ZjilMhcLGryNS7HpL8V6En50kwrWUw1e0a7XGBtn7qW7Mv%2Febf%2FuBbZP%2BHRpT2m%2F4D78VFRy9mGGScOs%2BabOfETAfxnKkg%3D%3D  
 <request body omitted>
[debug] [2020-03-17T05:57:11.024Z] <<< HTTP RESPONSE 200
[info] ✔  functions: functions folder uploaded successfully
[info] i  hosting[spreadjoyapp]: beginning deploy...
[info] i  hosting[spreadjoyapp]: found 20 files in build
[debug] [2020-03-17T05:57:11.050Z] [hosting] hash cache [YnVpbGQ] stored for 20 files
[debug] [2020-03-17T05:57:11.050Z] [hosting][hash queue][FINAL]
[debug] [2020-03-17T05:57:11.051Z] >>> HTTP REQUEST POST https://firebasehosting.googleapis.com/v1beta1/sites/spreadjoyapp/versions/d4909c096f87bec6:populateFiles  
 <request body omitted>
[debug] [2020-03-17T05:57:11.776Z] <<< HTTP RESPONSE 200
[debug] [2020-03-17T05:57:11.777Z] [hosting][populate queue][FINAL]
[debug] [2020-03-17T05:57:11.777Z] [hosting] uploads queued: 0
[debug] [2020-03-17T05:57:11.777Z] [hosting][upload queue][FINAL]
[info] ✔  hosting[spreadjoyapp]: file upload complete
[debug] [2020-03-17T05:57:11.778Z] [hosting] deploy completed after 752ms
[info] i  database: releasing rules...
[debug] [2020-03-17T05:57:11.954Z] >>> HTTP REQUEST PUT https://spreadjoyapp.firebaseio.com/.settings/rules.json  
 {
  "rules": {
    ".read": false,
    ".write": false
  }
}

[debug] [2020-03-17T05:57:12.492Z] <<< HTTP RESPONSE 200
[info] ✔  database: rules for database spreadjoyapp released successfully
[debug] [2020-03-17T05:57:12.495Z] >>> HTTP REQUEST GET https://cloudfunctions.googleapis.com/v1/projects/spreadjoyapp/locations/-/functions  
 
[debug] [2020-03-17T05:57:12.902Z] <<< HTTP RESPONSE 200
[info] i  functions: updating Node.js 8 function documentWriteListener(us-central1)...
[debug] [2020-03-17T05:57:12.904Z] Trigger is:  {"eventTrigger":{"resource":"projects/spreadjoyapp/databases/(default)/documents/messages/{message}","eventType":"providers/cloud.firestore/eventTypes/document.write","service":"firestore.googleapis.com"}}
[debug] [2020-03-17T05:57:12.905Z] >>> HTTP REQUEST GET https://serviceusage.googleapis.com/v1/projects/spreadjoyapp/services/cloudscheduler.googleapis.com  
 
[debug] [2020-03-17T05:57:13.412Z] <<< HTTP RESPONSE 200
[debug] [2020-03-17T05:57:13.415Z] >>> HTTP REQUEST PATCH https://cloudfunctions.googleapis.com/v1/projects/spreadjoyapp/locations/us-central1/functions/documentWriteListener {"updateMask":"sourceUploadUrl,name,labels,runtime,eventTrigger.resource,eventTrigger.eventType,eventTrigger.service"} 

[debug] [2020-03-17T05:57:14.130Z] <<< HTTP RESPONSE 200
[debug] [2020-03-17T05:57:14.131Z] >>> HTTP REQUEST GET https://cloudfunctions.googleapis.com/v1/operations/c3ByZWFkam95YXBwL3VzLWNlbnRyYWwxL2RvY3VtZW50V3JpdGVMaXN0ZW5lci9FcGM4LUJjOE1pbw  
 
[debug] [2020-03-17T05:57:14.327Z] <<< HTTP RESPONSE 200
[debug] [2020-03-17T05:57:16.329Z] >>> HTTP REQUEST GET https://cloudfunctions.googleapis.com/v1/operations/c3ByZWFkam95YXBwL3VzLWNlbnRyYWwxL2RvY3VtZW50V3JpdGVMaXN0ZW5lci9FcGM4LUJjOE1pbw  
 
[debug] [2020-03-17T05:57:16.523Z] <<< HTTP RESPONSE 200
[debug] [2020-03-17T05:57:18.526Z] >>> HTTP REQUEST GET https://cloudfunctions.googleapis.com/v1/operations/c3ByZWFkam95YXBwL3VzLWNlbnRyYWwxL2RvY3VtZW50V3JpdGVMaXN0ZW5lci9FcGM4LUJjOE1pbw  
 
[debug] [2020-03-17T05:57:18.692Z] <<< HTTP RESPONSE 200
[debug] [2020-03-17T05:57:20.697Z] >>> HTTP REQUEST GET https://cloudfunctions.googleapis.com/v1/operations/c3ByZWFkam95YXBwL3VzLWNlbnRyYWwxL2RvY3VtZW50V3JpdGVMaXN0ZW5lci9FcGM4LUJjOE1pbw  
 
[debug] [2020-03-17T05:57:20.862Z] <<< HTTP RESPONSE 200
